<?xml version="1.0" encoding="UTF-8"?>
<!-- Generated by org.testng.reporters.JUnitXMLReporter -->
<testsuite ignored="0" hostname="DESKTOP-9TGGESV" failures="0" tests="3" name="Surefire test" time="0.045" errors="0" timestamp="2023-11-07T11:13:18 IST">
  <testcase classname="com.lbrce.cseb.UserValidationTest" name="testCase1" time="0.01"/>
  <testcase classname="com.lbrce.cseb.UserValidationTest" name="testCase2" time="0.0"/>
  <testcase classname="com.lbrce.cseb.UserValidationTest" name="testCase3" time="0.0"/>
</testsuite> <!-- Surefire test -->
